<?xml version="1.0" encoding="UTF-8"?>
<!-- Generated by org.testng.reporters.JUnitReportReporter -->
<testsuite hostname="DESKTOP-2F2EII0" failures="0" tests="1" name="com.herokuapp.theinternet.ExceptionsTests" time="15.456" errors="0" timestamp="2021-12-30T12:46:31 EST" skipped="0">
  <testcase classname="com.herokuapp.theinternet.ExceptionsTests" name="disableElementTest" time="15.456"/>
  <system-out/>
</testsuite> <!-- com.herokuapp.theinternet.ExceptionsTests -->
