<?xml version="1.0" encoding="UTF-8"?>
<!-- Generated by org.testng.reporters.JUnitReportReporter -->
<testsuite hostname="DESKTOP-2F2EII0" failures="0" tests="1" name="com.herokuapp.theinternet.PositiveTest" time="6.152" errors="0" timestamp="2021-12-26T21:59:21 EST" skipped="0">
  <testcase classname="com.herokuapp.theinternet.PositiveTest" name="loginTest" time="6.152"/>
  <system-out/>
</testsuite> <!-- com.herokuapp.theinternet.PositiveTest -->
