<?xml version="1.0" encoding="UTF-8"?>
<!-- Generated by org.testng.reporters.JUnitReportReporter -->
<testsuite hostname="DESKTOP-2F2EII0" failures="0" tests="1" name="com.herokuapp.theinternet.NegativePasswordTest" time="6.354" errors="0" timestamp="2021-12-26T15:32:17 EST" skipped="0">
  <testcase classname="com.herokuapp.theinternet.NegativePasswordTest" name="incorrectpasswordTest" time="6.354"/>
  <system-out/>
</testsuite> <!-- com.herokuapp.theinternet.NegativePasswordTest -->
