<?xml version="1.0" encoding="UTF-8"?>
<!-- Generated by org.testng.reporters.JUnitReportReporter -->
<testsuite hostname="DESKTOP-2F2EII0" failures="0" tests="2" name="com.herokuapp.theinternet.LoginTest" time="10.822" errors="0" timestamp="2022-01-01T23:00:40 EST" skipped="0">
  <testcase classname="com.herokuapp.theinternet.LoginTest" name="negativeloginTest" time="6.477"/>
  <system-out/>
  <testcase classname="com.herokuapp.theinternet.LoginTest" name="negativeloginTest" time="4.345"/>
  <system-out/>
</testsuite> <!-- com.herokuapp.theinternet.LoginTest -->
