<?xml version="1.0" encoding="UTF-8"?>
<!-- Generated by org.testng.reporters.JUnitReportReporter -->
<testsuite hostname="DESKTOP-2F2EII0" failures="0" tests="2" name="com.herokuapp.theinternet.NegativeTest" time="11.011" errors="0" timestamp="2021-12-26T18:17:32 EST" skipped="0">
  <testcase classname="com.herokuapp.theinternet.NegativeTest" name="incorrectpasswordTest" time="5.525"/>
  <system-out/>
  <testcase classname="com.herokuapp.theinternet.NegativeTest" name="incorrectusernameTest" time="5.486"/>
  <system-out/>
</testsuite> <!-- com.herokuapp.theinternet.NegativeTest -->
